# JRE version: OpenJDK Runtime Environment 18.9 (11.0.13+8) (build 11.0.13+8)
# Java VM: OpenJDK 64-Bit Server VM 18.9 (11.0.13+8, mixed mode, tiered, compressed oops, g1 gc, windows-amd64)
Heap:
 garbage-first heap   total 262144K, used 156208K [0x00000000e0000000, 0x0000000100000000)
  region size 1024K, 20 young (20480K), 8 survivors (8192K)
 Metaspace       used 103867K, capacity 107423K, committed 108412K, reserved 352256K
  class space    used 13214K, capacity 14563K, committed 14924K, reserved 253952K
GC Heap History (20 events):
Event: 29.959 GC heap before
{Heap before GC invocations=11 (full 0):
 garbage-first heap   total 262144K, used 194119K [0x00000000e0000000, 0x0000000100000000)
  region size 1024K, 144 young (147456K), 14 survivors (14336K)
 Metaspace       used 74778K, capacity 77140K, committed 77264K, reserved 321536K
  class space    used 9643K, capacity 10520K, committed 10624K, reserved 253952K
}
Event: 29.974 GC heap after
{Heap after GC invocations=12 (full 0):
 garbage-first heap   total 262144K, used 75142K [0x00000000e0000000, 0x0000000100000000)
  region size 1024K, 15 young (15360K), 15 survivors (15360K)
 Metaspace       used 74778K, capacity 77140K, committed 77264K, reserved 321536K
  class space    used 9643K, capacity 10520K, committed 10624K, reserved 253952K
}
Event: 31.618 GC heap before
{Heap before GC invocations=12 (full 0):
 garbage-first heap   total 262144K, used 204166K [0x00000000e0000000, 0x0000000100000000)
  region size 1024K, 133 young (136192K), 15 survivors (15360K)
 Metaspace       used 79963K, capacity 82857K, committed 83152K, reserved 327680K
  class space    used 10275K, capacity 11338K, committed 11392K, reserved 253952K
}
Event: 31.631 GC heap after
{Heap after GC invocations=13 (full 0):
 garbage-first heap   total 262144K, used 96398K [0x00000000e0000000, 0x0000000100000000)
  region size 1024K, 13 young (13312K), 13 survivors (13312K)
 Metaspace       used 79963K, capacity 82857K, committed 83152K, reserved 327680K
  class space    used 10275K, capacity 11338K, committed 11392K, reserved 253952K
}
Event: 32.875 GC heap before
{Heap before GC invocations=13 (full 0):
 garbage-first heap   total 262144K, used 204942K [0x00000000e0000000, 0x0000000100000000)
  region size 1024K, 116 young (118784K), 13 survivors (13312K)
 Metaspace       used 86357K, capacity 89630K, committed 89808K, reserved 331776K
  class space    used 11173K, capacity 12336K, committed 12416K, reserved 253952K
}
Event: 32.891 GC heap after
{Heap after GC invocations=14 (full 0):
 garbage-first heap   total 262144K, used 112434K [0x00000000e0000000, 0x0000000100000000)
  region size 1024K, 13 young (13312K), 13 survivors (13312K)
 Metaspace       used 86357K, capacity 89630K, committed 89808K, reserved 331776K
  class space    used 11173K, capacity 12336K, committed 12416K, reserved 253952K
}
Event: 33.932 GC heap before
{Heap before GC invocations=14 (full 0):
 garbage-first heap   total 262144K, used 204594K [0x00000000e0000000, 0x0000000100000000)
  region size 1024K, 104 young (106496K), 13 survivors (13312K)
 Metaspace       used 93668K, capacity 97114K, committed 97360K, reserved 339968K
  class space    used 12013K, capacity 13214K, committed 13312K, reserved 253952K
}
Event: 33.946 GC heap after
{Heap after GC invocations=15 (full 0):
 garbage-first heap   total 262144K, used 120922K [0x00000000e0000000, 0x0000000100000000)
  region size 1024K, 9 young (9216K), 9 survivors (9216K)
 Metaspace       used 93668K, capacity 97114K, committed 97360K, reserved 339968K
  class space    used 12013K, capacity 13214K, committed 13312K, reserved 253952K
}
Event: 35.409 GC heap before
{Heap before GC invocations=15 (full 0):
 garbage-first heap   total 262144K, used 207962K [0x00000000e0000000, 0x0000000100000000)
  region size 1024K, 95 young (97280K), 9 survivors (9216K)
 Metaspace       used 97108K, capacity 100854K, committed 101040K, reserved 342016K
  class space    used 12538K, capacity 13941K, committed 13952K, reserved 253952K
}
Event: 35.422 GC heap after
{Heap after GC invocations=16 (full 0):
 garbage-first heap   total 262144K, used 126960K [0x00000000e0000000, 0x0000000100000000)
  region size 1024K, 6 young (6144K), 6 survivors (6144K)
 Metaspace       used 97108K, capacity 100854K, committed 101040K, reserved 342016K
  class space    used 12538K, capacity 13941K, committed 13952K, reserved 253952K
}
Event: 35.549 GC heap before
{Heap before GC invocations=16 (full 0):
 garbage-first heap   total 262144K, used 132080K [0x00000000e0000000, 0x0000000100000000)
  region size 1024K, 12 young (12288K), 6 survivors (6144K)
 Metaspace       used 97235K, capacity 100968K, committed 101040K, reserved 342016K
  class space    used 12544K, capacity 13950K, committed 13952K, reserved 253952K
}
Event: 35.557 GC heap after
{Heap after GC invocations=17 (full 0):
 garbage-first heap   total 262144K, used 127474K [0x00000000e0000000, 0x0000000100000000)
  region size 1024K, 7 young (7168K), 7 survivors (7168K)
 Metaspace       used 97235K, capacity 100968K, committed 101040K, reserved 342016K
  class space    used 12544K, capacity 13950K, committed 13952K, reserved 253952K
}
Event: 36.269 GC heap before
{Heap before GC invocations=18 (full 0):
 garbage-first heap   total 262144K, used 187890K [0x00000000e0000000, 0x0000000100000000)
  region size 1024K, 67 young (68608K), 7 survivors (7168K)
 Metaspace       used 97742K, capacity 101524K, committed 101756K, reserved 342016K
  class space    used 12550K, capacity 13972K, committed 14156K, reserved 253952K
}
Event: 36.278 GC heap after
{Heap after GC invocations=19 (full 0):
 garbage-first heap   total 262144K, used 132330K [0x00000000e0000000, 0x0000000100000000)
  region size 1024K, 6 young (6144K), 6 survivors (6144K)
 Metaspace       used 97742K, capacity 101524K, committed 101756K, reserved 342016K
  class space    used 12550K, capacity 13972K, committed 14156K, reserved 253952K
}
Event: 36.931 GC heap before
{Heap before GC invocations=19 (full 0):
 garbage-first heap   total 262144K, used 193770K [0x00000000e0000000, 0x0000000100000000)
  region size 1024K, 67 young (68608K), 6 survivors (6144K)
 Metaspace       used 98106K, capacity 101939K, committed 102268K, reserved 344064K
  class space    used 12562K, capacity 13986K, committed 14156K, reserved 253952K
}
Event: 36.939 GC heap after
{Heap after GC invocations=20 (full 0):
 garbage-first heap   total 262144K, used 137828K [0x00000000e0000000, 0x0000000100000000)
  region size 1024K, 6 young (6144K), 6 survivors (6144K)
 Metaspace       used 98106K, capacity 101939K, committed 102268K, reserved 344064K
  class space    used 12562K, capacity 13986K, committed 14156K, reserved 253952K
}
Event: 37.620 GC heap before
{Heap before GC invocations=21 (full 0):
 garbage-first heap   total 262144K, used 200292K [0x00000000e0000000, 0x0000000100000000)
  region size 1024K, 68 young (69632K), 6 survivors (6144K)
 Metaspace       used 99284K, capacity 102853K, committed 103804K, reserved 344064K
  class space    used 12667K, capacity 14003K, committed 14412K, reserved 253952K
}
Event: 37.626 GC heap after
{Heap after GC invocations=22 (full 0):
 garbage-first heap   total 262144K, used 141415K [0x00000000e0000000, 0x0000000100000000)
  region size 1024K, 4 young (4096K), 4 survivors (4096K)
 Metaspace       used 99284K, capacity 102853K, committed 103804K, reserved 344064K
  class space    used 12667K, capacity 14003K, committed 14412K, reserved 253952K
}
Event: 38.174 GC heap before
{Heap before GC invocations=22 (full 0):
 garbage-first heap   total 262144K, used 204903K [0x00000000e0000000, 0x0000000100000000)
  region size 1024K, 67 young (68608K), 4 survivors (4096K)
 Metaspace       used 103432K, capacity 106934K, committed 107772K, reserved 352256K
  class space    used 13158K, capacity 14465K, committed 14796K, reserved 253952K
}
Event: 38.183 GC heap after
{Heap after GC invocations=23 (full 0):
 garbage-first heap   total 262144K, used 144944K [0x00000000e0000000, 0x0000000100000000)
  region size 1024K, 8 young (8192K), 8 survivors (8192K)
 Metaspace       used 103432K, capacity 106934K, committed 107772K, reserved 352256K
  class space    used 13158K, capacity 14465K, committed 14796K, reserved 253952K
}

